<?xml version="1.0" encoding="UTF-8"?>
<robot generator="Robot 6.1 (Python 3.10.6 on win32)" generated="20260107 18:39:33.095" rpa="false" schemaversion="4">
<suite id="s1" name="Qtest Integration Tests" source="d:\QZ_onedrive_dontDelete\OneDrive - QualiZeal\rimsys_qtest\tests\robot\qtest_integration_tests.robot">
<test id="s1-t1" name="Sample Case 2" line="21">
<kw name="Run Keywords" library="BuiltIn" type="SETUP">
<arg>Setup QTest Integration</arg>
<arg>AND</arg>
<arg>Log Test Start</arg>
<doc>Executes all the given keywords in a sequence.</doc>
<kw name="Setup QTest Integration">
<doc>Initialize QTest integration and create test run</doc>
<kw name="Get Current Date" library="DateTime">
<var>${date}</var>
<arg>result_format=%Y-%m-%d %H:%M</arg>
<doc>Returns current local or UTC time with an optional increment.</doc>
<msg timestamp="20260107 18:39:34.137" level="INFO">${date} = 2026-01-07 18:39</msg>
<status status="PASS" starttime="20260107 18:39:34.136" endtime="20260107 18:39:34.145"/>
</kw>
<kw name="Set Suite Variable" library="BuiltIn">
<arg>${CURRENT_DATE}</arg>
<arg>${date}</arg>
<doc>Makes a variable available everywhere within the scope of the current suite.</doc>
<msg timestamp="20260107 18:39:34.148" level="INFO">${CURRENT_DATE} = 2026-01-07 18:39</msg>
<status status="PASS" starttime="20260107 18:39:34.145" endtime="20260107 18:39:34.148"/>
</kw>
<kw name="Log" library="BuiltIn">
<arg>Initializing QTest Integration</arg>
<doc>Logs the given message with the given level.</doc>
<msg timestamp="20260107 18:39:34.149" level="INFO">Initializing QTest Integration</msg>
<status status="PASS" starttime="20260107 18:39:34.148" endtime="20260107 18:39:34.149"/>
</kw>
<kw name="Initialize Qtest Manager" library="qtest_robot_library">
<arg>${QTEST_CONFIG}</arg>
<msg timestamp="20260107 18:39:34.156" level="INFO">QTest Manager initialized</msg>
<msg timestamp="20260107 18:39:34.156" level="INFO">QTest Manager initialized with config: D:\QZ_onedrive_dontDelete\OneDrive - QualiZeal\rimsys_qtest\config.json</msg>
<status status="PASS" starttime="20260107 18:39:34.149" endtime="20260107 18:39:34.156"/>
</kw>
<kw name="Log" library="BuiltIn">
<arg>Creating test run in QTest</arg>
<doc>Logs the given message with the given level.</doc>
<msg timestamp="20260107 18:39:34.157" level="INFO">Creating test run in QTest</msg>
<status status="PASS" starttime="20260107 18:39:34.156" endtime="20260107 18:39:34.157"/>
</kw>
<kw name="Create Qtest Test Run" library="qtest_robot_library">
<var>${test_run_id}</var>
<arg>name=${TEST_RUN_NAME}</arg>
<arg>test_case_name=${TEST_CASE_NAME}</arg>
<arg>test_cycle_name=${TEST_CYCLE_NAME}</arg>
<msg timestamp="20260107 18:40:06.070" level="INFO">Approving test case ID: 56304588</msg>
<msg timestamp="20260107 18:40:06.412" level="INFO">Approved test case ID 56304588</msg>
<msg timestamp="20260107 18:40:07.052" level="INFO">Ensuring test run: Robot Framework Test Run -</msg>
<msg timestamp="20260107 18:40:07.997" level="INFO">Test run created successfully. ID: 471852467</msg>
<msg timestamp="20260107 18:40:07.997" level="INFO">Test run created: Robot Framework Test Run - (ID: 471852467)</msg>
<msg timestamp="20260107 18:40:07.998" level="INFO">${test_run_id} = 471852467</msg>
<status status="PASS" starttime="20260107 18:39:34.157" endtime="20260107 18:40:07.998"/>
</kw>
<kw name="Set Suite Variable" library="BuiltIn">
<arg>${TEST_RUN_ID}</arg>
<arg>${test_run_id}</arg>
<doc>Makes a variable available everywhere within the scope of the current suite.</doc>
<msg timestamp="20260107 18:40:07.999" level="INFO">${TEST_RUN_ID} = 471852467</msg>
<status status="PASS" starttime="20260107 18:40:07.998" endtime="20260107 18:40:08.000"/>
</kw>
<kw name="Log" library="BuiltIn">
<arg>Test Run Created - ID: ${test_run_id}</arg>
<doc>Logs the given message with the given level.</doc>
<msg timestamp="20260107 18:40:08.001" level="INFO">Test Run Created - ID: 471852467</msg>
<status status="PASS" starttime="20260107 18:40:08.000" endtime="20260107 18:40:08.001"/>
</kw>
<status status="PASS" starttime="20260107 18:39:34.136" endtime="20260107 18:40:08.002"/>
</kw>
<kw name="Log Test Start">
<doc>Log the start of each test</doc>
<kw name="Log" library="BuiltIn">
<arg>Starting test: ${TEST_NAME}</arg>
<doc>Logs the given message with the given level.</doc>
<msg timestamp="20260107 18:40:08.004" level="INFO">Starting test: Sample Case 2</msg>
<status status="PASS" starttime="20260107 18:40:08.003" endtime="20260107 18:40:08.005"/>
</kw>
<kw name="Create Dictionary" library="BuiltIn">
<var>${logs}</var>
<doc>Creates and returns a dictionary based on the given ``items``.</doc>
<msg timestamp="20260107 18:40:08.006" level="INFO">${logs} = {}</msg>
<status status="PASS" starttime="20260107 18:40:08.005" endtime="20260107 18:40:08.006"/>
</kw>
<kw name="Set Test Variable" library="BuiltIn">
<arg>${STEP_LOGS}</arg>
<arg>${logs}</arg>
<doc>Makes a variable available everywhere within the scope of the current test.</doc>
<msg timestamp="20260107 18:40:08.010" level="INFO">${STEP_LOGS} = {}</msg>
<status status="PASS" starttime="20260107 18:40:08.007" endtime="20260107 18:40:08.010"/>
</kw>
<status status="PASS" starttime="20260107 18:40:08.002" endtime="20260107 18:40:08.011"/>
</kw>
<status status="PASS" starttime="20260107 18:39:34.135" endtime="20260107 18:40:08.011"/>
</kw>
<kw name="Log" library="BuiltIn">
<arg>Starting login test with valid credentials</arg>
<doc>Logs the given message with the given level.</doc>
<msg timestamp="20260107 18:40:08.014" level="INFO">Starting login test with valid credentials</msg>
<status status="PASS" starttime="20260107 18:40:08.013" endtime="20260107 18:40:08.014"/>
</kw>
<kw name="Simulate Login Test">
<var>${result}</var>
<arg>valid_user</arg>
<arg>valid_password</arg>
<doc>Simulate login test logic</doc>
<kw name="Log" library="BuiltIn">
<arg>Attempting login with username: ${username}</arg>
<doc>Logs the given message with the given level.</doc>
<msg timestamp="20260107 18:40:08.019" level="INFO">Attempting login with username: valid_user</msg>
<status status="PASS" starttime="20260107 18:40:08.018" endtime="20260107 18:40:08.019"/>
</kw>
<kw name="Sleep" library="BuiltIn">
<arg>1s</arg>
<doc>Pauses the test executed for the given time.</doc>
<msg timestamp="20260107 18:40:09.026" level="INFO">Slept 1 second</msg>
<status status="PASS" starttime="20260107 18:40:08.020" endtime="20260107 18:40:09.027"/>
</kw>
<kw name="Run Keyword If" library="BuiltIn">
<arg>'${username}' == 'valid_user'</arg>
<arg>Return From Keyword</arg>
<arg>success</arg>
<doc>Runs the given keyword with the given arguments, if ``condition`` is true.</doc>
<kw name="Return From Keyword" library="BuiltIn">
<arg>success</arg>
<doc>Returns from the enclosing user keyword.</doc>
<msg timestamp="20260107 18:40:09.028" level="INFO">Returning from the enclosing user keyword.</msg>
<status status="PASS" starttime="20260107 18:40:09.028" endtime="20260107 18:40:09.030"/>
</kw>
<status status="PASS" starttime="20260107 18:40:09.027" endtime="20260107 18:40:09.030"/>
</kw>
<kw name="Return From Keyword" library="BuiltIn">
<arg>failure</arg>
<doc>Returns from the enclosing user keyword.</doc>
<status status="NOT RUN" starttime="20260107 18:40:09.030" endtime="20260107 18:40:09.030"/>
</kw>
<msg timestamp="20260107 18:40:09.030" level="INFO">${result} = success</msg>
<status status="PASS" starttime="20260107 18:40:08.016" endtime="20260107 18:40:09.031"/>
</kw>
<kw name="Should Be Equal" library="BuiltIn">
<arg>${result}</arg>
<arg>success</arg>
<doc>Fails if the given objects are unequal.</doc>
<status status="PASS" starttime="20260107 18:40:09.031" endtime="20260107 18:40:09.032"/>
</kw>
<kw name="Append Qtest Test Step Log" library="qtest_robot_library">
<var>${STEP_LOGS}</var>
<arg>${STEP_LOGS}</arg>
<arg>1</arg>
<arg>PASSED</arg>
<arg>Actual ok</arg>
<arg>Expected ok</arg>
<arg>Step ran fine</arg>
<msg timestamp="20260107 18:40:09.034" level="INFO">${STEP_LOGS} = {'logs': [{'order': 1, 'status': 'PASSED', 'actual_result': 'Actual ok', 'expected_result': 'Expected ok', 'description': 'Step ran fine'}]}</msg>
<status status="PASS" starttime="20260107 18:40:09.033" endtime="20260107 18:40:09.035"/>
</kw>
<kw name="Log" library="BuiltIn">
<arg>Login test passed successfully</arg>
<doc>Logs the given message with the given level.</doc>
<msg timestamp="20260107 18:40:09.036" level="INFO">Login test passed successfully</msg>
<status status="PASS" starttime="20260107 18:40:09.035" endtime="20260107 18:40:09.036"/>
</kw>
<kw name="Append Qtest Test Step Log" library="qtest_robot_library">
<var>${STEP_LOGS}</var>
<arg>${STEP_LOGS}</arg>
<arg>2</arg>
<arg>PASSED</arg>
<arg>Actual ok</arg>
<arg>Expected ok</arg>
<arg>Step ran fine</arg>
<msg timestamp="20260107 18:40:09.038" level="INFO">${STEP_LOGS} = {'logs': [{'order': 1, 'status': 'PASSED', 'actual_result': 'Actual ok', 'expected_result': 'Expected ok', 'description': 'Step ran fine'}, {'order': 2, 'status': 'PASSED', 'actual_result': 'Actual ok...</msg>
<status status="PASS" starttime="20260107 18:40:09.036" endtime="20260107 18:40:09.039"/>
</kw>
<kw name="Report Test Result" type="TEARDOWN">
<doc>Report test result to QTest</doc>
<kw name="Get Test Status">
<var>${status}</var>
<doc>Get current test status (PASSED/FAILED)</doc>
<kw name="Run Keyword And Return Status" library="BuiltIn">
<var>${status}</var>
<arg>Should Be True</arg>
<arg>True</arg>
<doc>Runs the given keyword with given arguments and returns the status as a Boolean value.</doc>
<kw name="Should Be True" library="BuiltIn">
<arg>True</arg>
<doc>Fails if the given condition is not true.</doc>
<status status="PASS" starttime="20260107 18:40:09.042" endtime="20260107 18:40:09.043"/>
</kw>
<msg timestamp="20260107 18:40:09.044" level="INFO">${status} = True</msg>
<status status="PASS" starttime="20260107 18:40:09.042" endtime="20260107 18:40:09.044"/>
</kw>
<kw name="Set Variable If" library="BuiltIn">
<var>${result}</var>
<arg>${status}</arg>
<arg>PASSED</arg>
<arg>FAILED</arg>
<doc>Sets variable based on the given condition.</doc>
<msg timestamp="20260107 18:40:09.045" level="INFO">${result} = PASSED</msg>
<status status="PASS" starttime="20260107 18:40:09.044" endtime="20260107 18:40:09.045"/>
</kw>
<kw name="Return From Keyword" library="BuiltIn">
<arg>${result}</arg>
<doc>Returns from the enclosing user keyword.</doc>
<msg timestamp="20260107 18:40:09.046" level="INFO">Returning from the enclosing user keyword.</msg>
<status status="PASS" starttime="20260107 18:40:09.045" endtime="20260107 18:40:09.046"/>
</kw>
<msg timestamp="20260107 18:40:09.046" level="INFO">${status} = PASSED</msg>
<status status="PASS" starttime="20260107 18:40:09.040" endtime="20260107 18:40:09.046"/>
</kw>
<kw name="Get Test Message">
<var>${message}</var>
<doc>Get test execution message</doc>
<kw name="Set Variable" library="BuiltIn">
<var>${message}</var>
<arg>Test executed via Robot Framework</arg>
<doc>Returns the given values which can then be assigned to a variables.</doc>
<msg timestamp="20260107 18:40:09.048" level="INFO">${message} = Test executed via Robot Framework</msg>
<status status="PASS" starttime="20260107 18:40:09.048" endtime="20260107 18:40:09.048"/>
</kw>
<kw name="Return From Keyword" library="BuiltIn">
<arg>${message}</arg>
<doc>Returns from the enclosing user keyword.</doc>
<msg timestamp="20260107 18:40:09.049" level="INFO">Returning from the enclosing user keyword.</msg>
<status status="PASS" starttime="20260107 18:40:09.049" endtime="20260107 18:40:09.049"/>
</kw>
<msg timestamp="20260107 18:40:09.050" level="INFO">${message} = Test executed via Robot Framework</msg>
<status status="PASS" starttime="20260107 18:40:09.047" endtime="20260107 18:40:09.050"/>
</kw>
<kw name="Get Test Execution Time">
<var>${execution_time}</var>
<doc>Get test execution time in milliseconds</doc>
<kw name="Evaluate" library="BuiltIn">
<var>${time_ms}</var>
<arg>3000</arg>
<doc>Evaluates the given expression in Python and returns the result.</doc>
<msg timestamp="20260107 18:40:09.052" level="INFO">${time_ms} = 3000</msg>
<status status="PASS" starttime="20260107 18:40:09.050" endtime="20260107 18:40:09.052"/>
</kw>
<kw name="Return From Keyword" library="BuiltIn">
<arg>${time_ms}</arg>
<doc>Returns from the enclosing user keyword.</doc>
<msg timestamp="20260107 18:40:09.053" level="INFO">Returning from the enclosing user keyword.</msg>
<status status="PASS" starttime="20260107 18:40:09.053" endtime="20260107 18:40:09.053"/>
</kw>
<msg timestamp="20260107 18:40:09.053" level="INFO">${execution_time} = 3000</msg>
<status status="PASS" starttime="20260107 18:40:09.050" endtime="20260107 18:40:09.054"/>
</kw>
<kw name="Get Test Execution Start">
<var>${exe_start}</var>
<doc>Get test execution start timestamp (ISO 8601)</doc>
<kw name="Get Current Date" library="DateTime">
<var>${start}</var>
<arg>result_format=%Y-%m-%dT%H:%M:%S+00:00</arg>
<doc>Returns current local or UTC time with an optional increment.</doc>
<msg timestamp="20260107 18:40:09.055" level="INFO">${start} = 2026-01-07T18:40:09+00:00</msg>
<status status="PASS" starttime="20260107 18:40:09.054" endtime="20260107 18:40:09.055"/>
</kw>
<kw name="Return From Keyword" library="BuiltIn">
<arg>${start}</arg>
<doc>Returns from the enclosing user keyword.</doc>
<msg timestamp="20260107 18:40:09.056" level="INFO">Returning from the enclosing user keyword.</msg>
<status status="PASS" starttime="20260107 18:40:09.055" endtime="20260107 18:40:09.056"/>
</kw>
<msg timestamp="20260107 18:40:09.056" level="INFO">${exe_start} = 2026-01-07T18:40:09+00:00</msg>
<status status="PASS" starttime="20260107 18:40:09.054" endtime="20260107 18:40:09.056"/>
</kw>
<kw name="Get Test Execution End">
<var>${exe_end}</var>
<doc>Get test execution end timestamp (ISO 8601)</doc>
<kw name="Get Current Date" library="DateTime">
<var>${end}</var>
<arg>result_format=%Y-%m-%dT%H:%M:%S+00:00</arg>
<doc>Returns current local or UTC time with an optional increment.</doc>
<msg timestamp="20260107 18:40:09.058" level="INFO">${end} = 2026-01-07T18:40:09+00:00</msg>
<status status="PASS" starttime="20260107 18:40:09.058" endtime="20260107 18:40:09.059"/>
</kw>
<kw name="Return From Keyword" library="BuiltIn">
<arg>${end}</arg>
<doc>Returns from the enclosing user keyword.</doc>
<msg timestamp="20260107 18:40:09.059" level="INFO">Returning from the enclosing user keyword.</msg>
<status status="PASS" starttime="20260107 18:40:09.059" endtime="20260107 18:40:09.059"/>
</kw>
<msg timestamp="20260107 18:40:09.060" level="INFO">${exe_end} = 2026-01-07T18:40:09+00:00</msg>
<status status="PASS" starttime="20260107 18:40:09.057" endtime="20260107 18:40:09.061"/>
</kw>
<kw name="Log" library="BuiltIn">
<arg>Reporting result to QTest: ${status}</arg>
<doc>Logs the given message with the given level.</doc>
<msg timestamp="20260107 18:40:09.062" level="INFO">Reporting result to QTest: PASSED</msg>
<status status="PASS" starttime="20260107 18:40:09.061" endtime="20260107 18:40:09.062"/>
</kw>
<kw name="Get QTest Test Case ID">
<var>${test_case_id}</var>
<arg>${TEST_NAME}</arg>
<doc>Map Robot Framework test name to QTest test case ID</doc>
<kw name="Get Qtest Test Case Id By Name" library="qtest_robot_library">
<var>${test_case_id}</var>
<arg>${test_name}</arg>
<msg timestamp="20260107 18:40:35.847" level="INFO">Resolved test case 'Sample Case 2' -&gt; ID 56304588</msg>
<msg timestamp="20260107 18:40:35.848" level="INFO">${test_case_id} = 56304588</msg>
<status status="PASS" starttime="20260107 18:40:09.063" endtime="20260107 18:40:35.848"/>
</kw>
<kw name="Return From Keyword" library="BuiltIn">
<arg>${test_case_id}</arg>
<doc>Returns from the enclosing user keyword.</doc>
<msg timestamp="20260107 18:40:35.848" level="INFO">Returning from the enclosing user keyword.</msg>
<status status="PASS" starttime="20260107 18:40:35.848" endtime="20260107 18:40:35.848"/>
</kw>
<msg timestamp="20260107 18:40:35.849" level="INFO">${test_case_id} = 56304588</msg>
<status status="PASS" starttime="20260107 18:40:09.062" endtime="20260107 18:40:35.849"/>
</kw>
<kw name="Report Qtest Result" library="qtest_robot_library">
<arg>test_run_id=${TEST_RUN_ID}</arg>
<arg>test_case_id=${test_case_id}</arg>
<arg>status=${status}</arg>
<arg>steplogs=${STEP_LOGS}</arg>
<arg>message=${message}</arg>
<arg>execution_time=${execution_time}</arg>
<arg>exe_start_date=${exe_start}</arg>
<arg>exe_end_date=${exe_end}</arg>
<msg timestamp="20260107 18:40:35.851" level="INFO">Approving test case ID: 56304588</msg>
<msg timestamp="20260107 18:40:36.280" level="INFO">Approved test case ID 56304588</msg>
<msg timestamp="20260107 18:40:36.616" level="INFO">Updating test result for test case 56304588 in run 471852467</msg>
<msg timestamp="20260107 18:40:37.340" level="INFO">Test result updated successfully. Test log ID: 1110599577</msg>
<msg timestamp="20260107 18:40:37.340" level="INFO">Test result reported: Test Case 56304588 - PASSED</msg>
<status status="PASS" starttime="20260107 18:40:35.849" endtime="20260107 18:40:37.341"/>
</kw>
<status status="PASS" starttime="20260107 18:40:09.040" endtime="20260107 18:40:37.341"/>
</kw>
<doc>Test login functionality with valid credentials</doc>
<tag>critical</tag>
<tag>login</tag>
<tag>smoke</tag>
<status status="PASS" starttime="20260107 18:39:34.134" endtime="20260107 18:40:37.341"/>
</test>
<kw name="Finalize QTest Test Run" type="TEARDOWN">
<doc>Finalize and close QTest test run</doc>
<kw name="Log" library="BuiltIn">
<arg>Finalizing QTest test run</arg>
<doc>Logs the given message with the given level.</doc>
<msg timestamp="20260107 18:40:37.346" level="INFO">Finalizing QTest test run</msg>
<status status="PASS" starttime="20260107 18:40:37.346" endtime="20260107 18:40:37.346"/>
</kw>
<kw name="Finalize Qtest Run" library="qtest_robot_library">
<msg timestamp="20260107 18:40:37.346" level="INFO">Test run 471852467 finalized</msg>
<msg timestamp="20260107 18:40:37.347" level="INFO">Total test results recorded: 0</msg>
<status status="PASS" starttime="20260107 18:40:37.346" endtime="20260107 18:40:37.347"/>
</kw>
<kw name="Log" library="BuiltIn">
<arg>QTest integration completed</arg>
<doc>Logs the given message with the given level.</doc>
<msg timestamp="20260107 18:40:37.347" level="INFO">QTest integration completed</msg>
<status status="PASS" starttime="20260107 18:40:37.347" endtime="20260107 18:40:37.347"/>
</kw>
<status status="PASS" starttime="20260107 18:40:37.344" endtime="20260107 18:40:37.347"/>
</kw>
<doc>QTest Integration Test Suite
This suite demonstrates how to integrate QTest with Robot Framework tests</doc>
<status status="PASS" starttime="20260107 18:39:33.131" endtime="20260107 18:40:37.347"/>
</suite>
<statistics>
<total>
<stat pass="1" fail="0" skip="0">All Tests</stat>
</total>
<tag>
<stat pass="1" fail="0" skip="0">critical</stat>
<stat pass="1" fail="0" skip="0">login</stat>
<stat pass="1" fail="0" skip="0">smoke</stat>
</tag>
<suite>
<stat pass="1" fail="0" skip="0" id="s1" name="Qtest Integration Tests">Qtest Integration Tests</stat>
</suite>
</statistics>
<errors>
</errors>
</robot>
